<?xml version="1.0" encoding="UTF-8"?>
<!-- Generated by org.testng.reporters.JUnitReportReporter -->
<testsuite hostname="DESKTOP-HUVUG90" failures="0" tests="1" name="runner.TestNGRunner" time="0.198" errors="0" timestamp="2025-03-17T11:15:46 IST" skipped="0">
  <testcase classname="runner.TestNGRunner" name="runScenario" time="0.198"/>
</testsuite> <!-- runner.TestNGRunner -->
